2024-07-15 15:46:11,343 [main] ERROR Media Releases - Error while opening browser. Browser Name = chrome
2024-07-15 15:46:38,330 [main] INFO Media Releases - Search media releases by selecting ministers from the category and clearing filter is Pass
2024-07-15 15:46:38,585 [main] INFO Media Releases - Browser closed Successfully
2024-07-15 15:48:54,572 [main] INFO Media Releases - Browser Launched Successfully
2024-07-15 15:49:28,979 [main] INFO Media Releases - Search media releases by selecting ministers from the category and clearing filter is Pass
2024-07-15 15:49:29,251 [main] INFO Media Releases - Browser closed Successfully
2024-07-15 16:08:05,451 [main] INFO Media Releases - Browser Launched Successfully
2024-07-15 16:08:41,112 [main] INFO Media Releases - Assert that resultCountAfterFilter<=resultCountBeforeFilter
2024-07-15 16:08:41,121 [main] INFO Media Releases - Assert that the href urls are not null
2024-07-15 16:08:42,039 [main] INFO Media Releases - Assert that the image urls are not null
2024-07-15 16:08:55,263 [main] INFO Media Releases - Search media releases by selecting ministers from the category and clearing filter is Pass
2024-07-15 16:08:55,521 [main] INFO Media Releases - Browser closed Successfully
2024-07-15 16:09:32,984 [main] ERROR Media Releases - Error while opening browser. Browser Name = chrome
2024-07-15 16:09:37,900 [main] INFO Media Releases - Search media releases by selecting ministers from the category and clearing filter is Fail
2024-07-15 16:09:38,313 [main] INFO Media Releases - Browser closed Successfully
2024-07-15 16:11:38,416 [main] INFO Media Releases - Browser Launched Successfully
2024-07-15 16:12:12,632 [main] INFO Media Releases - Assert that resultCountAfterFilter<=resultCountBeforeFilter
2024-07-15 16:12:12,646 [main] INFO Media Releases - Assert that the href urls are not null
2024-07-15 16:12:13,561 [main] INFO Media Releases - Assert that the image urls are not null
2024-07-15 16:12:28,068 [main] INFO Media Releases - Search media releases by selecting ministers from the category and clearing filter is Pass
2024-07-15 16:12:28,339 [main] INFO Media Releases - Browser closed Successfully
2024-07-15 16:13:08,239 [main] INFO Media Releases - Browser Launched Successfully
2024-07-15 16:13:43,257 [main] INFO Media Releases - Assert that resultCountAfterFilter<=resultCountBeforeFilter
2024-07-15 16:13:43,269 [main] INFO Media Releases - Assert that the href urls are not null
2024-07-15 16:13:44,176 [main] INFO Media Releases - Assert that the image urls are not null
2024-07-15 16:13:55,162 [main] INFO Media Releases - Search media releases by selecting ministers from the category and clearing filter is Pass
2024-07-15 16:13:55,466 [main] INFO Media Releases - Browser closed Successfully
2024-07-15 17:33:06,985 [main] ERROR Media Releases - Error while opening browser. Browser Name = chrome
2024-07-15 17:33:34,557 [main] INFO Media Releases - Assert that resultCountAfterFilter<=resultCountBeforeFilter
2024-07-15 17:33:34,566 [main] INFO Media Releases - Assert that the href urls are not null
2024-07-15 17:33:35,215 [main] INFO Media Releases - Assert that the image urls are not null
2024-07-15 17:33:47,360 [main] INFO Media Releases - Search media releases by selecting ministers from the category and clearing filter is Pass
2024-07-15 17:33:47,600 [main] INFO Media Releases - Browser closed Successfully
2024-07-15 17:34:26,894 [main] INFO Media Releases - Browser Launched Successfully
2024-07-15 17:34:59,743 [main] INFO Media Releases - Assert that resultCountAfterFilter<=resultCountBeforeFilter
2024-07-15 17:34:59,757 [main] INFO Media Releases - Assert that the href urls are not null
2024-07-15 17:35:01,036 [main] INFO Media Releases - Assert that the image urls are not null
2024-07-15 17:35:15,381 [main] INFO Media Releases - Search media releases by selecting ministers from the category and clearing filter is Pass
2024-07-15 17:35:15,620 [main] INFO Media Releases - Browser closed Successfully
